2023-12-07 03:29:17[impossible de créer le controller] : C:\WEB\www\novax\sandbox/modules/front/DeclaresController.php
2023-12-07 03:29:17[impossible de créer le controller] : C:\WEB\www\novax\sandbox/modules/front/AllianceController.php
2023-12-07 03:29:17[impossible de créer le controller] : C:\WEB\www\novax\sandbox/modules/front/AnnouncementController.php
2023-12-07 03:29:17[impossible de créer le controller] : C:\WEB\www\novax\sandbox/modules/front/BannedController.php
2023-12-07 03:29:17[impossible de créer le controller] : C:\WEB\www\novax\sandbox/modules/front/BuddyController.php
2023-12-07 03:29:17[impossible de créer le controller] : C:\WEB\www\novax\sandbox/modules/front/BuildingsController.php
2023-12-07 03:29:17[impossible de créer le controller] : C:\WEB\www\novax\sandbox/modules/front/ChangelogController.php
2023-12-07 03:29:17[impossible de créer le controller] : C:\WEB\www\novax\sandbox/modules/front/ChatController.php
2023-12-07 03:29:17[impossible de créer le controller] : C:\WEB\www\novax\sandbox/modules/front/FleetController.php
2023-12-07 03:29:17[impossible de créer le controller] : C:\WEB\www\novax\sandbox/modules/front/GalaxyController.php
2023-12-07 03:29:17[impossible de créer le controller] : C:\WEB\www\novax\sandbox/modules/front/ImperiumController.php
2023-12-07 03:29:17[impossible de créer le controller] : C:\WEB\www\novax\sandbox/modules/front/MessagesController.php
2023-12-07 03:29:17[impossible de créer le controller] : C:\WEB\www\novax\sandbox/modules/front/MerchantController.php
2023-12-07 03:29:17[impossible de créer le controller] : C:\WEB\www\novax\sandbox/modules/front/NotesController.php
2023-12-07 03:29:17[impossible de créer le controller] : C:\WEB\www\novax\sandbox/modules/front/ParametersController.php
2023-12-07 03:29:17[impossible de créer le controller] : C:\WEB\www\novax\sandbox/modules/front/OfficersController.php
2023-12-07 03:29:17[impossible de créer le controller] : C:\WEB\www\novax\sandbox/modules/front/OverviewController.php
2023-12-07 03:29:17[impossible de créer le controller] : C:\WEB\www\novax\sandbox/modules/front/RecordsController.php
2023-12-07 03:29:17[impossible de créer le controller] : C:\WEB\www\novax\sandbox/modules/front/StatsController.php
2023-12-07 03:32:02[impossible de créer le controller] : C:\WEB\www\novax\sandbox/modules/front/DeclaresController.php
2023-12-07 03:32:02[impossible de créer le controller] : C:\WEB\www\novax\sandbox/modules/front/AllianceController.php
2023-12-07 03:32:02[impossible de créer le controller] : C:\WEB\www\novax\sandbox/modules/front/AnnouncementController.php
2023-12-07 03:32:02[impossible de créer le controller] : C:\WEB\www\novax\sandbox/modules/front/BannedController.php
2023-12-07 03:32:02[impossible de créer le controller] : C:\WEB\www\novax\sandbox/modules/front/BuddyController.php
2023-12-07 03:32:02[impossible de créer le controller] : C:\WEB\www\novax\sandbox/modules/front/BuildingsController.php
2023-12-07 03:32:02[impossible de créer le controller] : C:\WEB\www\novax\sandbox/modules/front/ChangelogController.php
2023-12-07 03:32:02[impossible de créer le controller] : C:\WEB\www\novax\sandbox/modules/front/ChatController.php
2023-12-07 03:32:02[impossible de créer le controller] : C:\WEB\www\novax\sandbox/modules/front/FleetController.php
2023-12-07 03:32:02[impossible de créer le controller] : C:\WEB\www\novax\sandbox/modules/front/GalaxyController.php
2023-12-07 03:32:02[impossible de créer le controller] : C:\WEB\www\novax\sandbox/modules/front/ImperiumController.php
2023-12-07 03:32:02[impossible de créer le controller] : C:\WEB\www\novax\sandbox/modules/front/MessagesController.php
2023-12-07 03:32:02[impossible de créer le controller] : C:\WEB\www\novax\sandbox/modules/front/MerchantController.php
2023-12-07 03:32:02[impossible de créer le controller] : C:\WEB\www\novax\sandbox/modules/front/NotesController.php
2023-12-07 03:32:02[impossible de créer le controller] : C:\WEB\www\novax\sandbox/modules/front/ParametersController.php
2023-12-07 03:32:02[impossible de créer le controller] : C:\WEB\www\novax\sandbox/modules/front/OfficersController.php
2023-12-07 03:32:02[impossible de créer le controller] : C:\WEB\www\novax\sandbox/modules/front/OverviewController.php
2023-12-07 03:32:02[impossible de créer le controller] : C:\WEB\www\novax\sandbox/modules/front/RecordsController.php
2023-12-07 03:32:02[impossible de créer le controller] : C:\WEB\www\novax\sandbox/modules/front/StatsController.php
